<?xml version="1.0" encoding="UTF-8"?>
<testng-results ignored="0" total="6" passed="6" failed="0" skipped="0">
  <reporter-output>
  </reporter-output>
  <suite started-at="2023-06-09T09:50:07 IST" name="Suite" finished-at="2023-06-09T09:53:12 IST" duration-ms="185147">
    <groups>
      <group name="cucumber">
        <method signature="AbstractTestNGCucumberTests.runScenario(io.cucumber.testng.PickleWrapper,io.cucumber.testng.FeatureWrapper)[pri:0, instance:testrunner.LandingPage_TR_Excel@6253c26]" name="runScenario" class="io.cucumber.testng.AbstractTestNGCucumberTests"/>
        <method signature="AbstractTestNGCucumberTests.runScenario(io.cucumber.testng.PickleWrapper,io.cucumber.testng.FeatureWrapper)[pri:0, instance:testrunner.LandingPage_TestRunner2@67f639d3]" name="runScenario" class="io.cucumber.testng.AbstractTestNGCucumberTests"/>
        <method signature="AbstractTestNGCucumberTests.runScenario(io.cucumber.testng.PickleWrapper,io.cucumber.testng.FeatureWrapper)[pri:0, instance:testrunner.LandingPage_TestRunner@21282ed8]" name="runScenario" class="io.cucumber.testng.AbstractTestNGCucumberTests"/>
      </group> <!-- cucumber -->
    </groups>
    <test started-at="2023-06-09T09:50:07 IST" name="Test" finished-at="2023-06-09T09:53:12 IST" duration-ms="185147">
      <class name="testrunner.LandingPage_TestRunner">
        <test-method is-config="true" signature="setUpClass(org.testng.ITestContext)[pri:0, instance:testrunner.LandingPage_TestRunner@21282ed8]" started-at="2023-06-09T09:50:07 IST" name="setUpClass" finished-at="2023-06-09T09:50:09 IST" duration-ms="1532" status="PASS">
          <params>
            <param index="0">
              <value>
                <![CDATA[org.testng.TestRunner@7c682e26]]>
              </value>
            </param>
          </params>
          <reporter-output>
          </reporter-output>
        </test-method> <!-- setUpClass -->
        <test-method signature="runScenario(io.cucumber.testng.PickleWrapper,io.cucumber.testng.FeatureWrapper)[pri:0, instance:testrunner.LandingPage_TestRunner@21282ed8]" started-at="2023-06-09T09:50:09 IST" name="runScenario" description="Runs Cucumber Scenarios" data-provider="scenarios" finished-at="2023-06-09T09:50:41 IST" duration-ms="32046" status="PASS">
          <params>
            <param index="0">
              <value>
                <![CDATA["Validate user navigates to Landing Page"]]>
              </value>
            </param>
            <param index="1">
              <value>
                <![CDATA["Landing web page"]]>
              </value>
            </param>
          </params>
          <reporter-output>
          </reporter-output>
        </test-method> <!-- runScenario -->
        <test-method signature="runScenario(io.cucumber.testng.PickleWrapper,io.cucumber.testng.FeatureWrapper)[pri:0, instance:testrunner.LandingPage_TestRunner@21282ed8]" started-at="2023-06-09T09:50:41 IST" name="runScenario" description="Runs Cucumber Scenarios" data-provider="scenarios" finished-at="2023-06-09T09:51:05 IST" duration-ms="23832" status="PASS">
          <params>
            <param index="0">
              <value>
                <![CDATA["Validate Landing page UI"]]>
              </value>
            </param>
            <param index="1">
              <value>
                <![CDATA["Landing web page"]]>
              </value>
            </param>
          </params>
          <reporter-output>
          </reporter-output>
        </test-method> <!-- runScenario -->
        <test-method signature="runScenario(io.cucumber.testng.PickleWrapper,io.cucumber.testng.FeatureWrapper)[pri:0, instance:testrunner.LandingPage_TestRunner@21282ed8]" started-at="2023-06-09T09:51:05 IST" name="runScenario" description="Runs Cucumber Scenarios" data-provider="scenarios" finished-at="2023-06-09T09:51:45 IST" duration-ms="40336" status="PASS">
          <params>
            <param index="0">
              <value>
                <![CDATA["Validate Lanidng page fields"]]>
              </value>
            </param>
            <param index="1">
              <value>
                <![CDATA["Landing web page"]]>
              </value>
            </param>
          </params>
          <reporter-output>
          </reporter-output>
        </test-method> <!-- runScenario -->
        <test-method is-config="true" signature="tearDownClass()[pri:0, instance:testrunner.LandingPage_TestRunner@21282ed8]" started-at="2023-06-09T09:51:45 IST" name="tearDownClass" finished-at="2023-06-09T09:51:45 IST" duration-ms="334" status="PASS">
          <reporter-output>
          </reporter-output>
        </test-method> <!-- tearDownClass -->
      </class> <!-- testrunner.LandingPage_TestRunner -->
      <class name="testrunner.LandingPage_TR_Excel">
        <test-method is-config="true" signature="setUpClass(org.testng.ITestContext)[pri:0, instance:testrunner.LandingPage_TR_Excel@6253c26]" started-at="2023-06-09T09:52:41 IST" name="setUpClass" finished-at="2023-06-09T09:52:41 IST" duration-ms="66" status="PASS">
          <params>
            <param index="0">
              <value>
                <![CDATA[org.testng.TestRunner@7c682e26]]>
              </value>
            </param>
          </params>
          <reporter-output>
          </reporter-output>
        </test-method> <!-- setUpClass -->
        <test-method signature="runScenario(io.cucumber.testng.PickleWrapper,io.cucumber.testng.FeatureWrapper)[pri:0, instance:testrunner.LandingPage_TR_Excel@6253c26]" started-at="2023-06-09T09:52:41 IST" name="runScenario" description="Runs Cucumber Scenarios" data-provider="scenarios" finished-at="2023-06-09T09:53:12 IST" duration-ms="31121" status="PASS">
          <params>
            <param index="0">
              <value>
                <![CDATA["Verify painting experts functionality with valid data"]]>
              </value>
            </param>
            <param index="1">
              <value>
                <![CDATA["Landing web page"]]>
              </value>
            </param>
          </params>
          <reporter-output>
          </reporter-output>
        </test-method> <!-- runScenario -->
        <test-method is-config="true" signature="tearDownClass()[pri:0, instance:testrunner.LandingPage_TR_Excel@6253c26]" started-at="2023-06-09T09:53:12 IST" name="tearDownClass" finished-at="2023-06-09T09:53:12 IST" duration-ms="70" status="PASS">
          <reporter-output>
          </reporter-output>
        </test-method> <!-- tearDownClass -->
      </class> <!-- testrunner.LandingPage_TR_Excel -->
      <class name="testrunner.LandingPage_TestRunner2">
        <test-method is-config="true" signature="setUpClass(org.testng.ITestContext)[pri:0, instance:testrunner.LandingPage_TestRunner2@67f639d3]" started-at="2023-06-09T09:51:45 IST" name="setUpClass" finished-at="2023-06-09T09:51:45 IST" duration-ms="76" status="PASS">
          <params>
            <param index="0">
              <value>
                <![CDATA[org.testng.TestRunner@7c682e26]]>
              </value>
            </param>
          </params>
          <reporter-output>
          </reporter-output>
        </test-method> <!-- setUpClass -->
        <test-method signature="runScenario(io.cucumber.testng.PickleWrapper,io.cucumber.testng.FeatureWrapper)[pri:0, instance:testrunner.LandingPage_TestRunner2@67f639d3]" started-at="2023-06-09T09:51:45 IST" name="runScenario" description="Runs Cucumber Scenarios" data-provider="scenarios" finished-at="2023-06-09T09:52:16 IST" duration-ms="30889" status="PASS">
          <params>
            <param index="0">
              <value>
                <![CDATA["Verify painting experts functionality with valid data"]]>
              </value>
            </param>
            <param index="1">
              <value>
                <![CDATA["Landing web page"]]>
              </value>
            </param>
          </params>
          <reporter-output>
          </reporter-output>
        </test-method> <!-- runScenario -->
        <test-method signature="runScenario(io.cucumber.testng.PickleWrapper,io.cucumber.testng.FeatureWrapper)[pri:0, instance:testrunner.LandingPage_TestRunner2@67f639d3]" started-at="2023-06-09T09:52:16 IST" name="runScenario" description="Runs Cucumber Scenarios" data-provider="scenarios" finished-at="2023-06-09T09:52:41 IST" duration-ms="24499" status="PASS">
          <params>
            <param index="0">
              <value>
                <![CDATA["Verify painting experts functionality with invalid data"]]>
              </value>
            </param>
            <param index="1">
              <value>
                <![CDATA["Landing web page"]]>
              </value>
            </param>
          </params>
          <reporter-output>
          </reporter-output>
        </test-method> <!-- runScenario -->
        <test-method is-config="true" signature="tearDownClass()[pri:0, instance:testrunner.LandingPage_TestRunner2@67f639d3]" started-at="2023-06-09T09:52:41 IST" name="tearDownClass" finished-at="2023-06-09T09:52:41 IST" duration-ms="82" status="PASS">
          <reporter-output>
          </reporter-output>
        </test-method> <!-- tearDownClass -->
      </class> <!-- testrunner.LandingPage_TestRunner2 -->
    </test> <!-- Test -->
  </suite> <!-- Suite -->
</testng-results>
