<?xml version="1.0" encoding="UTF-8"?>
<testng-results ignored="0" total="2" passed="2" failed="0" skipped="0">
  <reporter-output>
  </reporter-output>
  <suite started-at="2023-06-08T10:55:35 IST" name="Default suite" finished-at="2023-06-08T10:56:30 IST" duration-ms="55613">
    <groups>
      <group name="cucumber">
        <method signature="AbstractTestNGCucumberTests.runScenario(io.cucumber.testng.PickleWrapper,io.cucumber.testng.FeatureWrapper)[pri:0, instance:testrunner.LandingPage_TestRunner2@2e8c1c9b]" name="runScenario" class="io.cucumber.testng.AbstractTestNGCucumberTests"/>
      </group> <!-- cucumber -->
    </groups>
    <test started-at="2023-06-08T10:55:35 IST" name="Default test" finished-at="2023-06-08T10:56:30 IST" duration-ms="55613">
      <class name="testrunner.LandingPage_TestRunner2">
        <test-method is-config="true" signature="setUpClass(org.testng.ITestContext)[pri:0, instance:testrunner.LandingPage_TestRunner2@2e8c1c9b]" started-at="2023-06-08T10:55:35 IST" name="setUpClass" finished-at="2023-06-08T10:55:36 IST" duration-ms="1284" status="PASS">
          <params>
            <param index="0">
              <value>
                <![CDATA[org.testng.TestRunner@6f50d55c]]>
              </value>
            </param>
          </params>
          <reporter-output>
          </reporter-output>
        </test-method> <!-- setUpClass -->
        <test-method signature="runScenario(io.cucumber.testng.PickleWrapper,io.cucumber.testng.FeatureWrapper)[pri:0, instance:testrunner.LandingPage_TestRunner2@2e8c1c9b]" started-at="2023-06-08T10:55:36 IST" name="runScenario" description="Runs Cucumber Scenarios" data-provider="scenarios" finished-at="2023-06-08T10:56:09 IST" duration-ms="33309" status="PASS">
          <params>
            <param index="0">
              <value>
                <![CDATA["Verify painting experts functionality with valid data"]]>
              </value>
            </param>
            <param index="1">
              <value>
                <![CDATA["Landing web page"]]>
              </value>
            </param>
          </params>
          <reporter-output>
          </reporter-output>
        </test-method> <!-- runScenario -->
        <test-method signature="runScenario(io.cucumber.testng.PickleWrapper,io.cucumber.testng.FeatureWrapper)[pri:0, instance:testrunner.LandingPage_TestRunner2@2e8c1c9b]" started-at="2023-06-08T10:56:09 IST" name="runScenario" description="Runs Cucumber Scenarios" data-provider="scenarios" finished-at="2023-06-08T10:56:30 IST" duration-ms="20783" status="PASS">
          <params>
            <param index="0">
              <value>
                <![CDATA["Verify painting experts functionality with invalid data"]]>
              </value>
            </param>
            <param index="1">
              <value>
                <![CDATA["Landing web page"]]>
              </value>
            </param>
          </params>
          <reporter-output>
          </reporter-output>
        </test-method> <!-- runScenario -->
        <test-method is-config="true" signature="tearDownClass()[pri:0, instance:testrunner.LandingPage_TestRunner2@2e8c1c9b]" started-at="2023-06-08T10:56:30 IST" name="tearDownClass" finished-at="2023-06-08T10:56:30 IST" duration-ms="163" status="PASS">
          <reporter-output>
          </reporter-output>
        </test-method> <!-- tearDownClass -->
      </class> <!-- testrunner.LandingPage_TestRunner2 -->
    </test> <!-- Default test -->
  </suite> <!-- Default suite -->
</testng-results>
