<?xml version="1.0" encoding="UTF-8"?>
<testng-results ignored="0" total="3" passed="3" failed="0" skipped="0">
  <reporter-output>
  </reporter-output>
  <suite started-at="2023-06-23T14:12:31 IST" name="Default suite" finished-at="2023-06-23T14:15:48 IST" duration-ms="196600">
    <groups>
      <group name="cucumber">
        <method signature="AbstractTestNGCucumberTests.runScenario(io.cucumber.testng.PickleWrapper,io.cucumber.testng.FeatureWrapper)[pri:0, instance:testrunner.LandingPage_TestRunner@2892d68]" name="runScenario" class="io.cucumber.testng.AbstractTestNGCucumberTests"/>
      </group> <!-- cucumber -->
    </groups>
    <test started-at="2023-06-23T14:12:31 IST" name="Default test" finished-at="2023-06-23T14:15:48 IST" duration-ms="196600">
      <class name="testrunner.LandingPage_TestRunner">
        <test-method is-config="true" signature="setUpClass(org.testng.ITestContext)[pri:0, instance:testrunner.LandingPage_TestRunner@2892d68]" started-at="2023-06-23T14:12:31 IST" name="setUpClass" finished-at="2023-06-23T14:12:32 IST" duration-ms="1010" status="PASS">
          <params>
            <param index="0">
              <value>
                <![CDATA[org.testng.TestRunner@1de13f34]]>
              </value>
            </param>
          </params>
          <reporter-output>
          </reporter-output>
        </test-method> <!-- setUpClass -->
        <test-method signature="runScenario(io.cucumber.testng.PickleWrapper,io.cucumber.testng.FeatureWrapper)[pri:0, instance:testrunner.LandingPage_TestRunner@2892d68]" started-at="2023-06-23T14:12:32 IST" name="runScenario" description="Runs Cucumber Scenarios" data-provider="scenarios" finished-at="2023-06-23T14:13:06 IST" duration-ms="33794" status="PASS">
          <params>
            <param index="0">
              <value>
                <![CDATA["Validate user navigates to Landing Page"]]>
              </value>
            </param>
            <param index="1">
              <value>
                <![CDATA["Landing web page"]]>
              </value>
            </param>
          </params>
          <reporter-output>
          </reporter-output>
        </test-method> <!-- runScenario -->
        <test-method signature="runScenario(io.cucumber.testng.PickleWrapper,io.cucumber.testng.FeatureWrapper)[pri:0, instance:testrunner.LandingPage_TestRunner@2892d68]" started-at="2023-06-23T14:13:06 IST" name="runScenario" description="Runs Cucumber Scenarios" data-provider="scenarios" finished-at="2023-06-23T14:14:36 IST" duration-ms="90109" status="PASS">
          <params>
            <param index="0">
              <value>
                <![CDATA["Validate Landing page UI"]]>
              </value>
            </param>
            <param index="1">
              <value>
                <![CDATA["Landing web page"]]>
              </value>
            </param>
          </params>
          <reporter-output>
          </reporter-output>
        </test-method> <!-- runScenario -->
        <test-method signature="runScenario(io.cucumber.testng.PickleWrapper,io.cucumber.testng.FeatureWrapper)[pri:0, instance:testrunner.LandingPage_TestRunner@2892d68]" started-at="2023-06-23T14:14:36 IST" name="runScenario" description="Runs Cucumber Scenarios" data-provider="scenarios" finished-at="2023-06-23T14:15:48 IST" duration-ms="71450" status="PASS">
          <params>
            <param index="0">
              <value>
                <![CDATA["Validate Lanidng page fields"]]>
              </value>
            </param>
            <param index="1">
              <value>
                <![CDATA["Landing web page"]]>
              </value>
            </param>
          </params>
          <reporter-output>
          </reporter-output>
        </test-method> <!-- runScenario -->
        <test-method is-config="true" signature="tearDownClass()[pri:0, instance:testrunner.LandingPage_TestRunner@2892d68]" started-at="2023-06-23T14:15:48 IST" name="tearDownClass" finished-at="2023-06-23T14:15:48 IST" duration-ms="122" status="PASS">
          <reporter-output>
          </reporter-output>
        </test-method> <!-- tearDownClass -->
      </class> <!-- testrunner.LandingPage_TestRunner -->
    </test> <!-- Default test -->
  </suite> <!-- Default suite -->
</testng-results>
